2025-01-17 21:05:18.359 | INFO     | utils.utils_logger:<module>:38 - Logging to file: logs\project_log.log
2025-01-17 21:05:18.360 | INFO     | __main__:main:106 - START producer...
2025-01-17 21:05:18.360 | INFO     | __main__:main:107 - Hit CTRL c (or CMD c) to close.
2025-01-17 21:05:18.361 | INFO     | __main__:get_message_interval:53 - Messages will be sent every 3 seconds.
2025-01-17 21:05:18.361 | INFO     | __main__:main:114 - I just shared a movie! It was exciting.
2025-01-17 21:05:21.362 | INFO     | __main__:main:114 - I just shared an app! It was boring.
2025-01-17 21:05:24.363 | INFO     | __main__:main:114 - I just shared an app! It was exciting.
2025-01-17 21:05:27.369 | INFO     | __main__:main:114 - I just loved an app! It was funny.
2025-01-17 21:05:30.371 | INFO     | __main__:main:114 - I just saw a trick! It was amazing.
2025-01-17 21:05:33.372 | INFO     | __main__:main:114 - I just loved a trick! It was amazing.
2025-01-17 21:05:36.373 | INFO     | __main__:main:114 - I just found a movie! It was weird.
2025-01-17 21:21:44.171 | INFO     | utils.utils_logger:<module>:38 - Logging to file: logs\project_log.log
2025-01-17 21:21:44.173 | INFO     | __main__:main:106 - START producer...
2025-01-17 21:21:44.173 | INFO     | __main__:main:107 - Hit CTRL c (or CMD c) to close.
2025-01-17 21:21:44.173 | INFO     | __main__:get_message_interval:53 - Messages will be sent every 3 seconds.
2025-01-17 21:21:44.174 | INFO     | __main__:main:114 - I just shared an app! It was amazing.
2025-01-17 21:21:47.175 | INFO     | __main__:main:114 - I just shared a trick! It was amazing.
2025-01-17 21:21:50.177 | INFO     | __main__:main:114 - I just found an app! It was exciting.
2025-01-17 21:21:53.179 | INFO     | __main__:main:114 - I just found a trick! It was funny.
2025-01-17 21:21:56.181 | INFO     | __main__:main:114 - I just shared a story! It was weird.
2025-01-17 21:21:59.183 | INFO     | __main__:main:114 - I just tried an app! It was boring.
2025-01-17 21:22:02.184 | INFO     | __main__:main:114 - I just found a movie! It was weird.
2025-01-17 21:22:05.186 | INFO     | __main__:main:114 - I just shared a meme! It was amazing.
2025-01-17 21:22:08.187 | INFO     | __main__:main:114 - I just shared a story! It was boring.
2025-01-17 21:22:11.189 | INFO     | __main__:main:114 - I just shared a movie! It was boring.
2025-01-17 21:22:14.191 | INFO     | __main__:main:114 - I just tried a story! It was boring.
2025-01-17 21:22:17.192 | INFO     | __main__:main:114 - I just saw a trick! It was exciting.
2025-01-17 21:22:20.194 | INFO     | __main__:main:114 - I just tried an app! It was funny.
2025-01-17 21:22:23.196 | INFO     | __main__:main:114 - I just tried a movie! It was funny.
2025-01-17 21:22:26.197 | INFO     | __main__:main:114 - I just shared a story! It was weird.
2025-01-17 21:22:29.199 | INFO     | __main__:main:114 - I just shared a trick! It was weird.
2025-01-17 21:22:32.200 | INFO     | __main__:main:114 - I just found a trick! It was weird.
2025-01-17 21:22:35.202 | INFO     | __main__:main:114 - I just tried a movie! It was weird.
2025-01-17 21:22:38.204 | INFO     | __main__:main:114 - I just loved an app! It was funny.
2025-01-17 21:22:41.206 | INFO     | __main__:main:114 - I just found a trick! It was weird.
2025-01-17 21:22:44.207 | INFO     | __main__:main:114 - I just saw a story! It was boring.
2025-01-17 21:22:47.209 | INFO     | __main__:main:114 - I just loved a story! It was exciting.
2025-01-17 21:22:50.210 | INFO     | __main__:main:114 - I just tried a meme! It was weird.
2025-01-17 21:22:53.212 | INFO     | __main__:main:114 - I just loved a story! It was weird.
2025-01-17 21:22:56.214 | INFO     | __main__:main:114 - I just tried a story! It was weird.
2025-01-17 21:22:59.216 | INFO     | __main__:main:114 - I just tried a story! It was funny.
2025-01-17 21:23:02.217 | INFO     | __main__:main:114 - I just saw a movie! It was funny.
2025-01-17 21:23:05.218 | INFO     | __main__:main:114 - I just found an app! It was funny.
2025-01-17 21:23:08.220 | INFO     | __main__:main:114 - I just shared a meme! It was weird.
2025-01-17 21:23:11.222 | INFO     | __main__:main:114 - I just tried a movie! It was amazing.
2025-01-17 21:23:14.224 | INFO     | __main__:main:114 - I just tried a story! It was boring.
2025-01-17 21:23:17.225 | INFO     | __main__:main:114 - I just shared an app! It was weird.
2025-01-17 21:23:20.227 | INFO     | __main__:main:114 - I just saw an app! It was boring.
2025-01-17 21:23:23.228 | INFO     | __main__:main:114 - I just loved a movie! It was funny.
2025-01-17 21:23:26.230 | INFO     | __main__:main:114 - I just tried an app! It was funny.
2025-01-17 21:23:29.231 | INFO     | __main__:main:114 - I just tried a trick! It was weird.
2025-01-17 21:23:32.233 | INFO     | __main__:main:114 - I just shared a meme! It was weird.
2025-01-17 21:23:35.234 | INFO     | __main__:main:114 - I just shared a story! It was funny.
2025-01-17 21:23:38.236 | INFO     | __main__:main:114 - I just tried a meme! It was funny.
2025-01-17 21:23:41.237 | INFO     | __main__:main:114 - I just shared an app! It was amazing.
2025-01-17 21:23:44.239 | INFO     | __main__:main:114 - I just found a trick! It was amazing.
2025-01-17 21:23:47.241 | INFO     | __main__:main:114 - I just shared a movie! It was weird.
2025-01-17 21:23:50.243 | INFO     | __main__:main:114 - I just found a meme! It was amazing.
2025-01-17 21:23:53.244 | INFO     | __main__:main:114 - I just saw a movie! It was boring.
2025-01-17 21:23:56.245 | INFO     | __main__:main:114 - I just saw a meme! It was boring.
2025-01-17 21:23:59.247 | INFO     | __main__:main:114 - I just shared a story! It was boring.
2025-01-17 21:24:02.248 | INFO     | __main__:main:114 - I just found a movie! It was exciting.
2025-01-17 21:24:05.250 | INFO     | __main__:main:114 - I just tried an app! It was amazing.
2025-01-17 21:24:08.252 | INFO     | __main__:main:114 - I just saw a story! It was boring.
2025-01-17 21:24:11.254 | INFO     | __main__:main:114 - I just loved a movie! It was funny.
2025-01-17 21:24:14.256 | INFO     | __main__:main:114 - I just shared a meme! It was exciting.
2025-01-17 21:24:17.257 | INFO     | __main__:main:114 - I just saw a movie! It was boring.
2025-01-17 21:24:20.259 | INFO     | __main__:main:114 - I just tried a meme! It was weird.
2025-01-17 21:24:23.260 | INFO     | __main__:main:114 - I just shared a movie! It was weird.
2025-01-17 21:24:26.261 | INFO     | __main__:main:114 - I just tried a story! It was amazing.
2025-01-17 21:24:29.264 | INFO     | __main__:main:114 - I just found a meme! It was boring.
2025-01-17 21:24:32.265 | INFO     | __main__:main:114 - I just tried a meme! It was exciting.
2025-01-17 21:24:35.267 | INFO     | __main__:main:114 - I just tried a meme! It was boring.
2025-01-17 21:24:38.268 | INFO     | __main__:main:114 - I just shared a movie! It was boring.
2025-01-17 21:24:41.269 | INFO     | __main__:main:114 - I just loved an app! It was funny.
2025-01-17 21:24:44.270 | INFO     | __main__:main:114 - I just saw a story! It was funny.
2025-01-17 21:24:47.272 | INFO     | __main__:main:114 - I just shared a meme! It was exciting.
2025-01-17 21:24:50.274 | INFO     | __main__:main:114 - I just tried a meme! It was weird.
2025-01-17 21:24:53.276 | INFO     | __main__:main:114 - I just loved a story! It was exciting.
2025-01-17 21:24:56.278 | INFO     | __main__:main:114 - I just found a meme! It was boring.
2025-01-17 21:24:59.279 | INFO     | __main__:main:114 - I just found a trick! It was amazing.
2025-01-17 21:25:02.281 | INFO     | __main__:main:114 - I just found a meme! It was amazing.
2025-01-17 21:25:05.283 | INFO     | __main__:main:114 - I just shared a trick! It was boring.
2025-01-17 21:25:08.285 | INFO     | __main__:main:114 - I just found a trick! It was boring.
2025-01-17 21:25:11.286 | INFO     | __main__:main:114 - I just tried a meme! It was amazing.
2025-01-17 21:25:14.288 | INFO     | __main__:main:114 - I just tried a movie! It was boring.
2025-01-17 21:25:17.290 | INFO     | __main__:main:114 - I just found a meme! It was boring.
2025-01-17 21:25:20.291 | INFO     | __main__:main:114 - I just shared a movie! It was funny.
2025-01-17 21:25:23.292 | INFO     | __main__:main:114 - I just saw a story! It was exciting.
2025-01-17 21:25:26.294 | INFO     | __main__:main:114 - I just found a meme! It was weird.
2025-01-17 21:25:29.296 | INFO     | __main__:main:114 - I just loved an app! It was boring.
2025-01-17 21:25:32.298 | INFO     | __main__:main:114 - I just loved a trick! It was funny.
2025-01-17 21:25:35.300 | INFO     | __main__:main:114 - I just found a trick! It was amazing.
2025-01-17 21:25:38.301 | INFO     | __main__:main:114 - I just shared a story! It was exciting.
2025-01-17 21:25:41.302 | INFO     | __main__:main:114 - I just loved an app! It was weird.
2025-01-17 21:25:44.304 | INFO     | __main__:main:114 - I just saw a meme! It was funny.
2025-01-17 21:25:47.305 | INFO     | __main__:main:114 - I just tried a story! It was weird.
2025-01-17 21:25:50.309 | INFO     | __main__:main:114 - I just found a meme! It was exciting.
2025-01-17 21:25:53.311 | INFO     | __main__:main:114 - I just found a trick! It was exciting.
2025-01-17 21:25:56.313 | INFO     | __main__:main:114 - I just loved an app! It was amazing.
2025-01-17 21:25:59.314 | INFO     | __main__:main:114 - I just saw a trick! It was amazing.
2025-01-17 21:26:02.315 | INFO     | __main__:main:114 - I just loved an app! It was weird.
2025-01-17 21:26:05.317 | INFO     | __main__:main:114 - I just tried a story! It was amazing.
2025-01-17 21:26:08.318 | INFO     | __main__:main:114 - I just found a meme! It was weird.
2025-01-17 21:26:11.320 | INFO     | __main__:main:114 - I just tried a meme! It was amazing.
2025-01-17 21:26:14.322 | INFO     | __main__:main:114 - I just found a movie! It was funny.
2025-01-17 21:26:17.323 | INFO     | __main__:main:114 - I just tried a trick! It was amazing.
2025-01-17 21:26:20.325 | INFO     | __main__:main:114 - I just found a trick! It was weird.
2025-01-17 21:26:23.326 | INFO     | __main__:main:114 - I just found a meme! It was boring.
2025-01-17 21:26:26.328 | INFO     | __main__:main:114 - I just tried a movie! It was funny.
2025-01-17 21:26:29.330 | INFO     | __main__:main:114 - I just tried a movie! It was amazing.
2025-01-17 21:26:32.332 | INFO     | __main__:main:114 - I just saw a story! It was exciting.
2025-01-17 21:26:35.333 | INFO     | __main__:main:114 - I just found an app! It was weird.
2025-01-17 21:26:38.335 | INFO     | __main__:main:114 - I just loved a meme! It was exciting.
2025-01-17 21:26:41.336 | INFO     | __main__:main:114 - I just tried a movie! It was weird.
2025-01-17 21:26:44.338 | INFO     | __main__:main:114 - I just loved a trick! It was weird.
2025-01-17 21:26:47.339 | INFO     | __main__:main:114 - I just shared an app! It was weird.
2025-01-17 21:26:50.341 | INFO     | __main__:main:114 - I just loved a trick! It was funny.
2025-01-17 21:26:53.343 | INFO     | __main__:main:114 - I just shared a trick! It was boring.
2025-01-17 21:26:56.344 | INFO     | __main__:main:114 - I just loved a trick! It was exciting.
2025-01-17 21:26:59.346 | INFO     | __main__:main:114 - I just saw a movie! It was exciting.
2025-01-17 21:27:02.348 | INFO     | __main__:main:114 - I just tried a story! It was boring.
2025-01-17 21:27:05.349 | INFO     | __main__:main:114 - I just loved a movie! It was weird.
2025-01-17 21:27:08.351 | INFO     | __main__:main:114 - I just tried a trick! It was exciting.
2025-01-17 21:27:11.352 | INFO     | __main__:main:114 - I just shared a trick! It was funny.
2025-01-17 21:27:14.354 | INFO     | __main__:main:114 - I just found a movie! It was funny.
2025-01-17 21:27:17.356 | INFO     | __main__:main:114 - I just shared a trick! It was amazing.
